app/build/intermediates/manifest_merge_blame_file/release/manifest-merger-blame-release-report.txt
1<?xml version="1.0" encoding="utf-8"?>
2<manifest xmlns:android="http://schemas.android.com/apk/res/android"
3    package="com.zxaeva.greenifyhibernate"
4    android:versionCode="1"
5    android:versionName="1.0" >
6
7    <uses-sdk
8        android:minSdkVersion="21"
9        android:targetSdkVersion="34" />
10
11    <uses-feature
11-->src/main/AndroidManifest.xml:3:5-5:36
12        android:name="android.hardware.touchscreen"
12-->src/main/AndroidManifest.xml:4:9-52
13        android:required="false" />
13-->src/main/AndroidManifest.xml:5:9-33
14    <uses-feature
14-->src/main/AndroidManifest.xml:6:5-8:36
15        android:name="android.software.leanback"
15-->src/main/AndroidManifest.xml:7:9-49
16        android:required="false" />
16-->src/main/AndroidManifest.xml:8:9-33
17
18    <application
18-->src/main/AndroidManifest.xml:10:5-27:19
19        android:appCategory="video"
19-->src/main/AndroidManifest.xml:14:9-36
20        android:banner="@mipmap/ic_banner"
20-->src/main/AndroidManifest.xml:13:9-43
21        android:extractNativeLibs="true"
22        android:icon="@mipmap/ic_launcher"
22-->src/main/AndroidManifest.xml:12:9-43
23        android:label="一键休眠" >
23-->src/main/AndroidManifest.xml:11:9-29
24        <activity
24-->src/main/AndroidManifest.xml:15:9-26:20
25            android:name="com.zxaeva.greenifyhibernate.MainActivity"
25-->src/main/AndroidManifest.xml:16:13-41
26            android:excludeFromRecents="true"
26-->src/main/AndroidManifest.xml:19:13-46
27            android:exported="true"
27-->src/main/AndroidManifest.xml:17:13-36
28            android:noHistory="true"
28-->src/main/AndroidManifest.xml:20:13-37
29            android:theme="@android:style/Theme.Translucent.NoTitleBar" >
29-->src/main/AndroidManifest.xml:18:13-72
30            <intent-filter>
30-->src/main/AndroidManifest.xml:21:13-25:29
31                <action android:name="android.intent.action.MAIN" />
31-->src/main/AndroidManifest.xml:22:17-69
31-->src/main/AndroidManifest.xml:22:25-66
32
33                <category android:name="android.intent.category.LAUNCHER" />
33-->src/main/AndroidManifest.xml:23:17-77
33-->src/main/AndroidManifest.xml:23:27-74
34                <category android:name="android.intent.category.LEANBACK_LAUNCHER" />
34-->src/main/AndroidManifest.xml:24:17-86
34-->src/main/AndroidManifest.xml:24:27-83
35            </intent-filter>
36        </activity>
37    </application>
38
39</manifest>